This file contains any messages produced by compilers while
running configure, to aid debugging if configure makes a mistake.

It was created by HDF configure 4.2.10, which was
generated by GNU Autoconf 2.69.  Invocation command line was

  $ ./configure --prefix=/nas01/depts/ie/cempd/apps/sallocator/sa_052014/src/libs/hdf-4.2.10/local --disable-netcdf --disable-fortran

## --------- ##
## Platform. ##
## --------- ##

hostname = killdevil-login1.kd.unc.edu
uname -m = x86_64
uname -r = 2.6.18-238.12.1.el5
uname -s = Linux
uname -v = #1 SMP Sat May 7 20:18:50 EDT 2011

/usr/bin/uname -p = unknown
/bin/uname -X     = unknown

/bin/arch              = x86_64
/usr/bin/arch -k       = unknown
/usr/convex/getsysinfo = unknown
/usr/bin/hostinfo      = unknown
/bin/machine           = unknown
/usr/bin/oslevel       = unknown
/bin/universe          = unknown

PATH: /nas02/apps/p7zip-9.20.1/bin
PATH: /nas02/apps/idv-3.1
PATH: /nas02/apps/intel-10.1/fc/bin
PATH: /nas02/apps/intel-10.1/fc/idbe/bin
PATH: /nas02/apps/intel-10.1/cc/bin
PATH: /nas02/apps/intel-10.1/cc/idbe/bin
PATH: /opt/lsf/9.1/linux2.6-glibc2.3-x86_64/etc
PATH: /opt/lsf/9.1/linux2.6-glibc2.3-x86_64/bin
PATH: /usr/kerberos/bin
PATH: /usr/local/bin
PATH: /bin
PATH: /usr/bin
PATH: /usr/X11R6/bin
PATH: /opt/lsf/scripts
PATH: /opt/dell/srvadmin/bin


## ----------- ##
## Core tests. ##
## ----------- ##

configure:2793: checking for a BSD-compatible install
configure:2861: result: /usr/bin/install -c
configure:2872: checking whether build environment is sane
configure:2927: result: yes
configure:3078: checking for a thread-safe mkdir -p
configure:3117: result: /bin/mkdir -p
configure:3124: checking for gawk
configure:3140: found /bin/gawk
configure:3151: result: gawk
configure:3162: checking whether make sets $(MAKE)
configure:3184: result: yes
configure:3282: checking whether to enable maintainer-specific portions of Makefiles
configure:3291: result: no
configure:3323: checking shell variables initial values
ACLOCAL='${SHELL} /nas01/depts/ie/cempd/apps/sallocator/sa_052014/src/libs/hdf-4.2.10/bin/missing --run aclocal-1.12'
AMTAR='$${TAR-tar}'
AUTOCONF='${SHELL} /nas01/depts/ie/cempd/apps/sallocator/sa_052014/src/libs/hdf-4.2.10/bin/missing --run autoconf'
AUTOHEADER='${SHELL} /nas01/depts/ie/cempd/apps/sallocator/sa_052014/src/libs/hdf-4.2.10/bin/missing --run autoheader'
AUTOMAKE='${SHELL} /nas01/depts/ie/cempd/apps/sallocator/sa_052014/src/libs/hdf-4.2.10/bin/missing --run automake-1.12'
AWK=gawk
BASH=/bin/sh
BASH_ARGC=([0]="3")
BASH_ARGV=([0]="--disable-fortran" [1]="--disable-netcdf" [2]="--prefix=/nas01/depts/ie/cempd/apps/sallocator/sa_052014/src/libs/hdf-4.2.10/local")
BASH_LINENO=([0]="0")
BASH_SOURCE=([0]="./configure")
BASH_VERSINFO=([0]="3" [1]="2" [2]="25" [3]="1" [4]="release" [5]="x86_64-redhat-linux-gnu")
BASH_VERSION='3.2.25(1)-release'
CPATH=/nas02/apps/intel-10.1/mkl/include
CVS_RSH=ssh
CYGPATH_W=echo
DATABASE=/nas01/depts/ie/cempd/staff/lran/proposal/PHD/grassdata
DIRSTACK=()
DISPLAY=killdevil-login1.kd.unc.edu:22.0
DUALCASE=1
DYLD_LIBRARY_PATH=/nas02/apps/intel-10.1/fc/lib:/nas02/apps/intel-10.1/cc/lib
ECHO_C=
ECHO_N=-n
ECHO_T=
EDSS_ROOT=/afs/isis.unc.edu/depts/cep/emc/apps/edss
EUID=113025
FESTC_HOME=/nas01/depts/ie/cempd/apps/sallocator/festc1_1
FPATH=/nas02/apps/intel-10.1/mkl/include
GDALBIN=/nas01/depts/ie/cempd/apps/sallocator/sa_052014/src/libs/gdal-1.10.1/local/bin
GDALHOME=/nas01/depts/ie/cempd/apps/sallocator/sa_052014/src/libs/gdal-1.10.1/local
GDAL_LIB=/nas01/depts/ie/cempd/apps/sallocator/sa_052014/src/libs/gdal-1.10.1/local/lib
GEOS=/nas01/depts/ie/cempd/apps/sallocator/sa_052014/src/libs/geos-3.3.8/local
GEOS_INC=/nas01/depts/ie/cempd/apps/sallocator/sa_052014/src/libs/geos-3.3.8/local/include
GEOS_LIB=/nas01/depts/ie/cempd/apps/sallocator/sa_052014/src/libs/geos-3.3.8/local/lib
GISBASE=/afs/isis/pkg/grass/.install/amd64_linux26_rh5/grass-6.4.0RC5
GROUP=cep-emc
GROUPS=()
G_BROKEN_FILENAMES=1
HDF4=/nas01/depts/ie/cempd/apps/sallocator/sa_052014/src/libs/hdf-4.2.9/local
HDF4_INC=/nas01/depts/ie/cempd/apps/sallocator/sa_052014/src/libs/hdf-4.2.9/local/include
HDF4_LIB=/nas01/depts/ie/cempd/apps/sallocator/sa_052014/src/libs/hdf-4.2.9/local/lib
HDF5=/nas01/depts/ie/cempd/apps/sallocator/sa_052014/src/libs/hdf5-1.8.11/local
HDF5_INC=/nas01/depts/ie/cempd/apps/sallocator/sa_052014/src/libs/hdf5-1.8.11/local/include
HDF5_LIB=/nas01/depts/ie/cempd/apps/sallocator/sa_052014/src/libs/hdf5-1.8.11/local/lib
HOME=/nas02/home/l/r/lran
HOST=killdevil-login1.kd.unc.edu
HOSTNAME=killdevil-login1.kd.unc.edu
HOSTTYPE=x86_64-linux
IFS=' 	
'
INCLUDE=/nas02/apps/intel-10.1/mkl/include
INPUTRC=/etc/inputrc
INSTALL='/usr/bin/install -c'
INSTALL_DATA='${INSTALL} -m 644'
INSTALL_PROGRAM='${INSTALL}'
INSTALL_SCRIPT='${INSTALL}'
INSTALL_STRIP_PROGRAM='$(install_sh) -c -s'
INTEL_LICENSE_FILE=/nas02/apps/intel-10.1/licenses
KRB5CCNAME=FILE:/tmp/krb5cc_113025_n3u1Ph
LANG=en_US.iso885915
LANGUAGE=C
LC_ALL=C
LD_LIBRARY_PATH=/nas01/depts/ie/cempd/apps/sallocator/sa_052014/src/libs/geos-3.3.8/local/lib:/nas01/depts/ie/cempd/apps/sallocator/sa_052014/src/libs/hdf5-1.8.11/local/lib:/nas01/depts/ie/cempd/apps/sallocator/sa_052014/src/libs/hdf-4.2.9/local/lib:/nas01/depts/ie/cempd/apps/sallocator/sa_052014/src/libs/netcdf-4.0.1/local/lib:/nas01/depts/ie/cempd/apps/sallocator/sa_052014/src/libs/gdal-1.10.1/local/lib:/nas01/depts/ie/cempd/apps/sallocator/sa_052014/src/libs/proj-4.8.0/local/lib:/usr/lib64:/usr/lib:/nas01/depts/ie/cempd/staff/lran/soft/shapelib-1.2.10/.libs:/afs/isis/pkg/grass/.install/amd64_linux26_rh5/grass-6.4.0RC5/lib
LESSOPEN='|/usr/bin/lesspipe.sh %s'
LIBOBJS=
LIBRARY_PATH=/nas02/apps/intel-10.1/mkl/lib/em64t
LINENO=3323
LOADEDMODULES=null:intel/10.1:idv/3.1:p7zip/9.20.1
LOCATION=/nas01/depts/ie/cempd/staff/lran/proposal/PHD/grassdata/Coweeta
LOGNAME=lran
LSF_BINDIR=/opt/lsf/9.1/linux2.6-glibc2.3-x86_64/bin
LSF_ENVDIR=/opt/lsf/conf
LSF_LIBDIR=/opt/lsf/9.1/linux2.6-glibc2.3-x86_64/lib
LSF_SCRIPTDIR=/opt/lsf/scripts
LSF_SERVERDIR=/opt/lsf/9.1/linux2.6-glibc2.3-x86_64/etc
LS_COLORS='no=00:fi=00:di=01;34:ln=01;36:pi=40;33:so=01;35:bd=40;33;01:cd=40;33;01:or=01;05;37;41:mi=01;05;37;41:ex=01;32:*.cmd=01;32:*.exe=01;32:*.com=01;32:*.btm=01;32:*.bat=01;32:*.sh=01;32:*.csh=01;32:*.tar=01;31:*.tgz=01;31:*.arj=01;31:*.taz=01;31:*.lzh=01;31:*.zip=01;31:*.z=01;31:*.Z=01;31:*.gz=01;31:*.bz2=01;31:*.bz=01;31:*.tz=01;31:*.rpm=01;31:*.cpio=01;31:*.jpg=01;35:*.gif=01;35:*.bmp=01;35:*.xbm=01;35:*.xpm=01;35:*.png=01;35:*.tif=01;35:'
MACHTYPE=x86_64
MAINT='#'
MAINTAINER_MODE_FALSE=
MAINTAINER_MODE_TRUE='#'
MAKEFLAGS=
MAKEINFO='${SHELL} /nas01/depts/ie/cempd/apps/sallocator/sa_052014/src/libs/hdf-4.2.10/bin/missing --run makeinfo'
MANPATH=/nas02/apps/p7zip-9.20.1/man:/nas02/apps/intel-10.1/fc/man:/nas02/apps/intel-10.1/fc/idbe/man:/nas02/apps/intel-10.1/cc/man:/nas02/apps/intel-10.1/mkl/man:/nas02/apps/intel-10.1/cc/idbe/man:/opt/lsf/9.1/man::/nas02/home/l/r/lran/man
MAPSET=/nas01/depts/ie/cempd/staff/lran/proposal/PHD/grassdata/Coweeta/hist
MFLAGS=
MISSING='${SHELL} /nas01/depts/ie/cempd/apps/sallocator/sa_052014/src/libs/hdf-4.2.10/bin/missing'
MKDIR_P='/bin/mkdir -p'
MODULEPATH='/nas02/apps/Modules/versions:/nas02/apps/Modules/$MODULE_VERSION/modulefiles:/nas02/apps/Modules/modulefiles'
MODULESHOME=/nas02/apps/Modules/3.2.7
MODULE_VERSION=3.2.7
MODULE_VERSION_STACK=3.2.7
NETCDF=/nas01/depts/ie/cempd/apps/sallocator/sa_052014/src/libs/netcdf-4.0.1/local
NETCDF_INC=/nas01/depts/ie/cempd/apps/sallocator/sa_052014/src/libs/netcdf-4.0.1/local/include
NETCDF_LIB=/nas01/depts/ie/cempd/apps/sallocator/sa_052014/src/libs/netcdf-4.0.1/local/lib
NLSPATH=/nas02/apps/intel-10.1/fc/lib/locale/en_US:/nas02/apps/intel-10.1/cc/lib/locale/en_US
OPTERR=1
OPTIND=1
OSTYPE=linux
PACKAGE=hdf
PACKAGE_BUGREPORT=help@hdfgroup.org
PACKAGE_NAME=HDF
PACKAGE_STRING='HDF 4.2.10'
PACKAGE_TARNAME=hdf
PACKAGE_URL=
PACKAGE_VERSION=4.2.10
PATH=/nas02/apps/p7zip-9.20.1/bin:/nas02/apps/idv-3.1:/nas02/apps/intel-10.1/fc/bin:/nas02/apps/intel-10.1/fc/idbe/bin:/nas02/apps/intel-10.1/cc/bin:/nas02/apps/intel-10.1/cc/idbe/bin:/opt/lsf/9.1/linux2.6-glibc2.3-x86_64/etc:/opt/lsf/9.1/linux2.6-glibc2.3-x86_64/bin:/usr/kerberos/bin:/usr/local/bin:/bin:/usr/bin:/usr/X11R6/bin:/opt/lsf/scripts:/opt/dell/srvadmin/bin
PATH_SEPARATOR=:
PIPESTATUS=([0]="0")
POSIXLY_CORRECT=y
PPID=30341
PROJDIR=/nas01/depts/ie/cempd/apps/sallocator/sa_052014/src/libs/proj-4.8.0/local
PROJ_INCLUDE=/nas01/depts/ie/cempd/apps/sallocator/sa_052014/src/libs/proj-4.8.0/local/include
PROJ_LIB=/nas01/depts/ie/cempd/apps/sallocator/sa_052014/src/libs/proj-4.8.0/local/share/proj
PROJ_LIBRARY=/nas01/depts/ie/cempd/apps/sallocator/sa_052014/src/libs/proj-4.8.0/local/lib
PS1='$ '
PS2='> '
PS4='+ '
PWD=/nas01/depts/ie/cempd/apps/sallocator/sa_052014/src/libs/hdf-4.2.10
REMOTEHOST=dhcp-p-01314.vpn.unc.edu
RHESSYS_BIN=/nas01/depts/ie/cempd/staff/lran/proposal/PHD/soft/rhessys-5.14.5-build215-routing_patch
SA_HOME=/nas01/depts/ie/cempd/apps/sallocator/sa_052014
SET_MAKE=
SHELL=/bin/sh
SHELLOPTS=braceexpand:hashall:interactive-comments:posix
SHLVL=2
SSH_CLIENT='172.17.5.44 64237 22'
SSH_CONNECTION='172.17.5.44 64237 152.19.197.83 22'
SSH_TTY=/dev/pts/22
TERM=vt100
UID=113025
USER=lran
USE_MAINTAINER_MODE=no
VENDOR=unknown
VERSION=4.2.10
_='checking shell variables initial values... '
_LMFILES_=/nas02/apps/Modules/3.2.7/modulefiles/null:/nas02/apps/Modules/3.2.7/modulefiles/intel/10.1:/nas02/apps/Modules/3.2.7/modulefiles/idv/3.1:/nas02/apps/Modules/3.2.7/modulefiles/p7zip/9.20.1
ac_abs_confdir=/nas01/depts/ie/cempd/apps/sallocator/sa_052014/src/libs/hdf-4.2.10
ac_arg=--disable-fortran
ac_aux_dir=bin
ac_cache_corrupted=false
ac_clean_files=
ac_compile='$CC -c $CFLAGS $CPPFLAGS conftest.$ac_ext >&5'
ac_compiler_gnu=
ac_confdir=.
ac_config_commands=' h4config'
ac_config_guess='/bin/sh bin/config.guess'
ac_config_headers=' hdf/src/h4config.h'
ac_config_libobj_dir=.
ac_config_sub='/bin/sh bin/config.sub'
ac_configure='/bin/sh bin/configure'
ac_configure_args=' '\''--prefix=/nas01/depts/ie/cempd/apps/sallocator/sa_052014/src/libs/hdf-4.2.10/local'\'' '\''--disable-netcdf'\'' '\''--disable-fortran'\'''
ac_cpp='$CPP $CPPFLAGS'
ac_cv_env_CCC_set=
ac_cv_env_CCC_value=
ac_cv_env_CC_set=
ac_cv_env_CC_value=
ac_cv_env_CFLAGS_set=
ac_cv_env_CFLAGS_value=
ac_cv_env_CPPFLAGS_set=
ac_cv_env_CPPFLAGS_value=
ac_cv_env_CPP_set=
ac_cv_env_CPP_value=
ac_cv_env_CXXCPP_set=
ac_cv_env_CXXCPP_value=
ac_cv_env_CXXFLAGS_set=
ac_cv_env_CXXFLAGS_value=
ac_cv_env_CXX_set=
ac_cv_env_CXX_value=
ac_cv_env_F77_set=
ac_cv_env_F77_value=
ac_cv_env_FFLAGS_set=
ac_cv_env_FFLAGS_value=
ac_cv_env_LDFLAGS_set=
ac_cv_env_LDFLAGS_value=
ac_cv_env_LIBS_set=
ac_cv_env_LIBS_value=
ac_cv_env_build_alias_set=
ac_cv_env_build_alias_value=
ac_cv_env_host_alias_set=
ac_cv_env_host_alias_value=
ac_cv_env_target_alias_set=
ac_cv_env_target_alias_value=
ac_cv_path_install='/usr/bin/install -c'
ac_cv_path_mkdir=/bin/mkdir
ac_cv_prog_AWK=gawk
ac_cv_prog_make_make_set=yes
ac_dashdash=
ac_default_prefix=/nas01/depts/ie/cempd/apps/sallocator/sa_052014/src/libs/hdf-4.2.10/hdf4
ac_dir=bin
ac_env_CCC_set=
ac_env_CCC_value=
ac_env_CC_set=
ac_env_CC_value=
ac_env_CFLAGS_set=
ac_env_CFLAGS_value=
ac_env_CPPFLAGS_set=
ac_env_CPPFLAGS_value=
ac_env_CPP_set=
ac_env_CPP_value=
ac_env_CXXCPP_set=
ac_env_CXXCPP_value=
ac_env_CXXFLAGS_set=
ac_env_CXXFLAGS_value=
ac_env_CXX_set=
ac_env_CXX_value=
ac_env_F77_set=
ac_env_F77_value=
ac_env_FFLAGS_set=
ac_env_FFLAGS_value=
ac_env_LDFLAGS_set=
ac_env_LDFLAGS_value=
ac_env_LIBS_set=
ac_env_LIBS_value=
ac_env_build_alias_set=
ac_env_build_alias_value=
ac_env_host_alias_set=
ac_env_host_alias_value=
ac_env_target_alias_set=
ac_env_target_alias_value=
ac_exec_ext=
ac_ext=c
ac_hostname=killdevil-login1.kd.unc.edu
ac_includes_default='#include <stdio.h>
#ifdef HAVE_SYS_TYPES_H
# include <sys/types.h>
#endif
#ifdef HAVE_SYS_STAT_H
# include <sys/stat.h>
#endif
#ifdef STDC_HEADERS
# include <stdlib.h>
# include <stddef.h>
#else
# ifdef HAVE_STDLIB_H
#  include <stdlib.h>
# endif
#endif
#ifdef HAVE_STRING_H
# if !defined STDC_HEADERS && defined HAVE_MEMORY_H
#  include <memory.h>
# endif
# include <string.h>
#endif
#ifdef HAVE_STRINGS_H
# include <strings.h>
#endif
#ifdef HAVE_INTTYPES_H
# include <inttypes.h>
#endif
#ifdef HAVE_STDINT_H
# include <stdint.h>
#endif
#ifdef HAVE_UNISTD_H
# include <unistd.h>
#endif'
ac_init_help=
ac_init_version=false
ac_install_sh='bin/install-sh -c'
ac_link='$CC -o conftest$ac_exeext $CFLAGS $CPPFLAGS $LDFLAGS conftest.$ac_ext $LIBS >&5'
ac_ls_di='13438594 .'
ac_make=make
ac_msg='sources are in ., but `cd .'\'' does not work'
ac_must_keep_next=false
ac_new_set=
ac_new_val=
ac_old_set=
ac_old_val=
ac_optarg=yes
ac_option=--disable-fortran
ac_pass=2
ac_precious_vars='build_alias
host_alias
target_alias
CC
CFLAGS
LDFLAGS
LIBS
CPPFLAGS
CPP
CXX
CXXFLAGS
CCC
F77
FFLAGS
CXXCPP'
ac_prev=
ac_prog=gawk
ac_pwd=/nas01/depts/ie/cempd/apps/sallocator/sa_052014/src/libs/hdf-4.2.10
ac_pwd_ls_di='13438594 .'
ac_script='s/[\\$]/&&/g;s/;s,x,x,$//'
ac_signal=0
ac_site_file=/nas01/depts/ie/cempd/apps/sallocator/sa_052014/src/libs/hdf-4.2.10/local/etc/config.site
ac_site_file1=/nas01/depts/ie/cempd/apps/sallocator/sa_052014/src/libs/hdf-4.2.10/local/share/config.site
ac_site_file2=/nas01/depts/ie/cempd/apps/sallocator/sa_052014/src/libs/hdf-4.2.10/local/etc/config.site
ac_srcdir_defaulted=yes
ac_subst_files=
ac_subst_vars='am__EXEEXT_FALSE
am__EXEEXT_TRUE
LTLIBOBJS
LIBOBJS
DEPRECATED_SYMBOLS
F77_VERSION
CC_VERSION
HDF_BUILD_SHARED_FALSE
HDF_BUILD_SHARED_TRUE
SETX
CONFIG_MODE
CONFIG_USER
CONFIG_DATE
H4_VERSION
HDF_BUILD_XDR_FALSE
HDF_BUILD_XDR_TRUE
BUILD_SHARED_SZIP_CONDITIONAL_FALSE
BUILD_SHARED_SZIP_CONDITIONAL_TRUE
SZIP_INFO
LL_PATH
USE_COMP_SZIP
CXXCPP
OTOOL64
OTOOL
LIPO
NMEDIT
DSYMUTIL
MANIFEST_TOOL
RANLIB
ac_ct_AR
DLLTOOL
OBJDUMP
NM
ac_ct_DUMPBIN
DUMPBIN
LD
FGREP
EGREP
GREP
SED
LIBTOOL
LT_STATIC_EXEC
STATIC_EXEC
UNAME_INFO
enable_static
enable_shared
SHARED_EXTENSION
STATIC_SHARED
TBL
NEQN
DIFF
LEX
YACC
AR
LN_S
BUILD_FORTRAN
HDF_BUILD_FORTRAN_FALSE
HDF_BUILD_FORTRAN_TRUE
FLIBS
ac_ct_F77
FFLAGS
F77
am__fastdepCXX_FALSE
am__fastdepCXX_TRUE
CXXDEPMODE
ac_ct_CXX
CXXFLAGS
CXX
CPP
am__fastdepCC_FALSE
am__fastdepCC_TRUE
CCDEPMODE
am__nodep
AMDEPBACKSLASH
AMDEP_FALSE
AMDEP_TRUE
am__quote
am__include
DEPDIR
OBJEXT
EXEEXT
ac_ct_CC
CPPFLAGS
LDFLAGS
CFLAGS
CC
BUILD_NETCDF
HDF_BUILD_NETCDF_FALSE
HDF_BUILD_NETCDF_TRUE
TEST_FORTRAN_NETCDF
host_os
host_vendor
host_cpu
host
build_os
build_vendor
build_cpu
build
MAINT
MAINTAINER_MODE_FALSE
MAINTAINER_MODE_TRUE
am__untar
am__tar
AMTAR
am__leading_dot
SET_MAKE
AWK
mkdir_p
MKDIR_P
INSTALL_STRIP_PROGRAM
STRIP
install_sh
MAKEINFO
AUTOHEADER
AUTOMAKE
AUTOCONF
ACLOCAL
VERSION
PACKAGE
CYGPATH_W
am__isrc
INSTALL_DATA
INSTALL_SCRIPT
INSTALL_PROGRAM
target_alias
host_alias
build_alias
LIBS
ECHO_T
ECHO_N
ECHO_C
DEFS
mandir
localedir
libdir
psdir
pdfdir
dvidir
htmldir
infodir
docdir
oldincludedir
includedir
localstatedir
sharedstatedir
sysconfdir
datadir
datarootdir
libexecdir
sbindir
bindir
program_transform_name
prefix
exec_prefix
PACKAGE_URL
PACKAGE_BUGREPORT
PACKAGE_STRING
PACKAGE_VERSION
PACKAGE_TARNAME
PACKAGE_NAME
PATH_SEPARATOR
SHELL'
ac_tool_prefix=
ac_unique_file=hdf/src/atom.c
ac_unrecognized_opts=
ac_unrecognized_sep=
ac_user_opts='
enable_option_checking
enable_maintainer_mode
enable_netcdf
enable_dependency_tracking
enable_fortran
enable_shared
enable_static
with_pic
enable_fast_install
with_gnu_ld
with_sysroot
enable_libtool_lock
enable_static_exec
with_fnord
with_zlib
with_jpeg
with_szlib
enable_hdf4_xdr
enable_production
enable_deprecated_symbols
'
ac_useropt=fortran
ac_useropt_orig=fortran
ac_val='${datarootdir}/man'
ac_var=CXXCPP
ac_word=gawk
am__api_version=1.12
am__leading_dot=.
am__tar='$${TAR-tar} chof - "$$tardir"'
am__untar='$${TAR-tar} xf -'
am_aux_dir=/nas01/depts/ie/cempd/apps/sallocator/sa_052014/src/libs/hdf-4.2.10/bin
am_lf='
'
am_missing_run='${SHELL} /nas01/depts/ie/cempd/apps/sallocator/sa_052014/src/libs/hdf-4.2.10/bin/missing --run '
am_sleep_pid=5606
as_basename=basename
as_bourne_compatible='if test -n "${ZSH_VERSION+set}" && (emulate sh) >/dev/null 2>&1; then :
  emulate sh
  NULLCMD=:
  # Pre-4.2 versions of Zsh do word splitting on ${1+"$@"}, which
  # is contrary to our usage.  Disable this feature.
  alias -g '\''${1+"$@"}'\''='\''"$@"'\''
  setopt NO_GLOB_SUBST
else
  case `(set -o) 2>/dev/null` in #(
  *posix*) :
    set -o posix ;; #(
  *) :
     ;;
esac
fi
'
as_cr_LETTERS=ABCDEFGHIJKLMNOPQRSTUVWXYZ
as_cr_Letters=abcdefghijklmnopqrstuvwxyzABCDEFGHIJKLMNOPQRSTUVWXYZ
as_cr_alnum=abcdefghijklmnopqrstuvwxyzABCDEFGHIJKLMNOPQRSTUVWXYZ0123456789
as_cr_digits=0123456789
as_cr_letters=abcdefghijklmnopqrstuvwxyz
as_dir=/bin
as_dirname=dirname
as_echo='printf %s\n'
as_echo_n='printf %s'
as_executable_p=as_fn_executable_p
as_expr=expr
as_have_required=yes
as_lineno_1=477
as_lineno_1a=477
as_lineno_2=478
as_lineno_2a=478
as_ln_s='ln -s'
as_me=configure
as_mkdir_p='mkdir -p "$as_dir"'
as_myself=./configure
as_nl='
'
as_required='as_fn_return () { (exit $1); }
as_fn_success () { as_fn_return 0; }
as_fn_failure () { as_fn_return 1; }
as_fn_ret_success () { return 0; }
as_fn_ret_failure () { return 1; }

exitcode=0
as_fn_success || { exitcode=1; echo as_fn_success failed.; }
as_fn_failure && { exitcode=1; echo as_fn_failure succeeded.; }
as_fn_ret_success || { exitcode=1; echo as_fn_ret_success failed.; }
as_fn_ret_failure && { exitcode=1; echo as_fn_ret_failure succeeded.; }
if ( set x; as_fn_ret_success y && test x = "$1" ); then :

else
  exitcode=1; echo positional parameters were not saved.
fi
test x$exitcode = x0 || exit 1
test -x / || exit 1'
as_save_IFS=' 	
'
as_suggested='  as_lineno_1=198 as_lineno_1a=$LINENO
  as_lineno_2=199 as_lineno_2a=$LINENO
  eval '\''test "x$as_lineno_1'\''$as_run'\''" != "x$as_lineno_2'\''$as_run'\''" &&
  test "x`expr $as_lineno_1'\''$as_run'\'' + 1`" = "x$as_lineno_2'\''$as_run'\''"'\'' || exit 1

  test -n "${ZSH_VERSION+set}${BASH_VERSION+set}" || (
    ECHO='\''\\\\\\\\\\\\\\\\\\\\\\\\\\\\\\\\\\\\\\\\\\\\\\\\\\\\\\\\\\\\\\\\\\\\\\\\\\\\\\\\\\\\\\\\\\\\\\\\\\\\\\\'\''
    ECHO=$ECHO$ECHO$ECHO$ECHO$ECHO
    ECHO=$ECHO$ECHO$ECHO$ECHO$ECHO$ECHO
    PATH=/empty FPATH=/empty; export PATH FPATH
    test "X`printf %s $ECHO`" = "X$ECHO" \
      || test "X`print -r -- $ECHO`" = "X$ECHO" ) || exit 1
test $(( 1 + 1 )) = 2 || exit 1'
as_test_x='test -x'
as_tr_cpp='eval sed '\''y%*abcdefghijklmnopqrstuvwxyz%PABCDEFGHIJKLMNOPQRSTUVWXYZ%;s%[^_abcdefghijklmnopqrstuvwxyzABCDEFGHIJKLMNOPQRSTUVWXYZ0123456789]%_%g'\'''
as_tr_sh='eval sed '\''y%*+%pp%;s%[^_abcdefghijklmnopqrstuvwxyzABCDEFGHIJKLMNOPQRSTUVWXYZ0123456789]%_%g'\'''
as_unset=as_fn_unset
as_var=MAILPATH
bindir='${exec_prefix}/bin'
build=
cache_file=/dev/null
cross_compiling=no
datadir='${datarootdir}'
datarootdir='${prefix}/share'
docdir='${datarootdir}/doc/${PACKAGE_TARNAME}'
dvidir='${docdir}'
enable_fortran=no
enable_netcdf=no
exec_prefix=NONE
host=
htmldir='${docdir}'
includedir='${prefix}/include'
infodir='${datarootdir}/info'
install_sh='${SHELL} /nas01/depts/ie/cempd/apps/sallocator/sa_052014/src/libs/hdf-4.2.10/bin/install-sh'
libdir='${exec_prefix}/lib'
libexecdir='${exec_prefix}/libexec'
localedir='${datarootdir}/locale'
localstatedir='${prefix}/var'
mandir='${datarootdir}/man'
mkdir_p='$(MKDIR_P)'
no_create=
no_recursion=
oldincludedir=/usr/include
pdfdir='${docdir}'
prefix=/nas01/depts/ie/cempd/apps/sallocator/sa_052014/src/libs/hdf-4.2.10/local
program_prefix=NONE
program_suffix=NONE
program_transform_name=s,x,x,
psdir='${docdir}'
sbindir='${exec_prefix}/sbin'
sharedstatedir='${prefix}/com'
silent=
site=
srcdir=.
subdirs=
sysconfdir='${prefix}/etc'
target=
verbose=
x_includes=NONE
x_libraries=NONE
configure:3326: result: done
configure:3333: checking build system type
configure:3347: result: x86_64-unknown-linux-gnu
configure:3367: checking host system type
configure:3380: result: x86_64-unknown-linux-gnu
configure:3401: checking if basename works
configure:3407: result: yes
configure:3411: checking if xargs works
configure:3417: result: yes
configure:3460: checking for config x86_64-unknown-linux-gnu
configure:3468: result: no
configure:3460: checking for config x86_64-unknown-linux-gnu
configure:3468: result: no
configure:3460: checking for config unknown-linux-gnu
configure:3468: result: no
configure:3460: checking for config unknown-linux-gnu
configure:3468: result: no
configure:3460: checking for config x86_64-linux-gnu
configure:3468: result: no
configure:3460: checking for config x86_64-linux-gnu
configure:3468: result: no
configure:3460: checking for config x86_64-unknown
configure:3468: result: no
configure:3460: checking for config linux-gnu
configure:3464: result: found
configure:3521: checking whether make sets $(MAKE)
configure:3543: result: yes
configure:3601: checking for gcc
configure:3628: result: gcc
configure:3857: checking for C compiler version
configure:3866: gcc --version >&5
gcc (GCC) 4.1.2 20080704 (Red Hat 4.1.2-54)
Copyright (C) 2006 Free Software Foundation, Inc.
This is free software; see the source for copying conditions.  There is NO
warranty; not even for MERCHANTABILITY or FITNESS FOR A PARTICULAR PURPOSE.

configure:3877: $? = 0
configure:3866: gcc -v >&5
Using built-in specs.
Target: x86_64-redhat-linux
Configured with: ../configure --prefix=/usr --mandir=/usr/share/man --infodir=/usr/share/info --enable-shared --enable-threads=posix --enable-checking=release --with-system-zlib --enable-__cxa_atexit --disable-libunwind-exceptions --enable-libgcj-multifile --enable-languages=c,c++,objc,obj-c++,java,fortran,ada --enable-java-awt=gtk --disable-dssi --disable-plugin --with-java-home=/usr/lib/jvm/java-1.4.2-gcj-1.4.2.0/jre --with-cpu=generic --host=x86_64-redhat-linux
Thread model: posix
gcc version 4.1.2 20080704 (Red Hat 4.1.2-54)
configure:3877: $? = 0
configure:3866: gcc -V >&5
gcc: '-V' option must have argument
configure:3877: $? = 1
configure:3866: gcc -qversion >&5
gcc: unrecognized option '-qversion'
gcc: no input files
configure:3877: $? = 1
configure:3897: checking whether the C compiler works
configure:3919: gcc    conftest.c  >&5
configure:3923: $? = 0
configure:3971: result: yes
configure:3974: checking for C compiler default output file name
configure:3976: result: a.out
configure:3982: checking for suffix of executables
configure:3989: gcc -o conftest    conftest.c  >&5
configure:3993: $? = 0
configure:4015: result: 
configure:4037: checking whether we are cross compiling
configure:4045: gcc -o conftest    conftest.c  >&5
configure:4049: $? = 0
configure:4056: ./conftest
configure:4060: $? = 0
configure:4075: result: no
configure:4080: checking for suffix of object files
configure:4102: gcc -c   conftest.c >&5
configure:4106: $? = 0
configure:4127: result: o
configure:4131: checking whether we are using the GNU C compiler
configure:4150: gcc -c   conftest.c >&5
configure:4150: $? = 0
configure:4159: result: yes
configure:4168: checking whether gcc accepts -g
configure:4188: gcc -c -g  conftest.c >&5
configure:4188: $? = 0
configure:4229: result: yes
configure:4246: checking for gcc option to accept ISO C89
configure:4309: gcc  -c   conftest.c >&5
configure:4309: $? = 0
configure:4322: result: none needed
configure:4353: checking for style of include used by make
configure:4381: result: GNU
configure:4407: checking dependency style of gcc
configure:4518: result: gcc3
configure:4538: checking how to run the C preprocessor
configure:4569: gcc -E  conftest.c
configure:4569: $? = 0
configure:4583: gcc -E  conftest.c
conftest.c:11:28: error: ac_nonexistent.h: No such file or directory
configure:4583: $? = 1
configure: failed program was:
| /* confdefs.h */
| #define PACKAGE_NAME "HDF"
| #define PACKAGE_TARNAME "hdf"
| #define PACKAGE_VERSION "4.2.10"
| #define PACKAGE_STRING "HDF 4.2.10"
| #define PACKAGE_BUGREPORT "help@hdfgroup.org"
| #define PACKAGE_URL ""
| #define PACKAGE "hdf"
| #define VERSION "4.2.10"
| /* end confdefs.h.  */
| #include <ac_nonexistent.h>
configure:4608: result: gcc -E
configure:4628: gcc -E  conftest.c
configure:4628: $? = 0
configure:4642: gcc -E  conftest.c
conftest.c:11:28: error: ac_nonexistent.h: No such file or directory
configure:4642: $? = 1
configure: failed program was:
| /* confdefs.h */
| #define PACKAGE_NAME "HDF"
| #define PACKAGE_TARNAME "hdf"
| #define PACKAGE_VERSION "4.2.10"
| #define PACKAGE_STRING "HDF 4.2.10"
| #define PACKAGE_BUGREPORT "help@hdfgroup.org"
| #define PACKAGE_URL ""
| #define PACKAGE "hdf"
| #define VERSION "4.2.10"
| /* end confdefs.h.  */
| #include <ac_nonexistent.h>
configure:4728: checking for g++
configure:4744: found /usr/bin/g++
configure:4755: result: g++
configure:4782: checking for C++ compiler version
configure:4791: g++ --version >&5
g++ (GCC) 4.1.2 20080704 (Red Hat 4.1.2-54)
Copyright (C) 2006 Free Software Foundation, Inc.
This is free software; see the source for copying conditions.  There is NO
warranty; not even for MERCHANTABILITY or FITNESS FOR A PARTICULAR PURPOSE.

configure:4802: $? = 0
configure:4791: g++ -v >&5
Using built-in specs.
Target: x86_64-redhat-linux
Configured with: ../configure --prefix=/usr --mandir=/usr/share/man --infodir=/usr/share/info --enable-shared --enable-threads=posix --enable-checking=release --with-system-zlib --enable-__cxa_atexit --disable-libunwind-exceptions --enable-libgcj-multifile --enable-languages=c,c++,objc,obj-c++,java,fortran,ada --enable-java-awt=gtk --disable-dssi --disable-plugin --with-java-home=/usr/lib/jvm/java-1.4.2-gcj-1.4.2.0/jre --with-cpu=generic --host=x86_64-redhat-linux
Thread model: posix
gcc version 4.1.2 20080704 (Red Hat 4.1.2-54)
configure:4802: $? = 0
configure:4791: g++ -V >&5
g++: '-V' option must have argument
configure:4802: $? = 1
configure:4791: g++ -qversion >&5
g++: unrecognized option '-qversion'
g++: no input files
configure:4802: $? = 1
configure:4806: checking whether we are using the GNU C++ compiler
configure:4825: g++ -c   conftest.cpp >&5
configure:4825: $? = 0
configure:4834: result: yes
configure:4843: checking whether g++ accepts -g
configure:4863: g++ -c -g  conftest.cpp >&5
configure:4863: $? = 0
configure:4904: result: yes
configure:4929: checking dependency style of g++
configure:5040: result: gcc3
configure:5999: checking whether ln -s works
configure:6003: result: yes
configure:6015: checking for ar
configure:6031: found /usr/bin/ar
configure:6042: result: ar
configure:6059: checking for bison
configure:6075: found /usr/bin/bison
configure:6086: result: bison -y
configure:6107: checking for flex
configure:6123: found /usr/bin/flex
configure:6134: result: flex
configure:6153: checking for diff
configure:6169: found /usr/bin/diff
configure:6180: result: diff -w
configure:6190: checking for makeinfo
configure:6217: result: ${SHELL} /nas01/depts/ie/cempd/apps/sallocator/sa_052014/src/libs/hdf-4.2.10/bin/missing --run makeinfo
configure:6227: checking for neqn
configure:6243: found /usr/bin/neqn
configure:6254: result: neqn
configure:6264: checking for tbl
configure:6280: found /usr/bin/tbl
configure:6291: result: tbl
configure:6359: checking how to print strings
configure:6386: result: printf
configure:6407: checking for a sed that does not truncate output
configure:6471: result: /bin/sed
configure:6489: checking for grep that handles long lines and -e
configure:6547: result: /bin/grep
configure:6552: checking for egrep
configure:6614: result: /bin/grep -E
configure:6619: checking for fgrep
configure:6681: result: /bin/grep -F
configure:6716: checking for ld used by gcc
configure:6783: result: /usr/bin/ld
configure:6790: checking if the linker (/usr/bin/ld) is GNU ld
configure:6805: result: yes
configure:6817: checking for BSD- or MS-compatible name lister (nm)
configure:6866: result: /usr/bin/nm -B
configure:6996: checking the name lister (/usr/bin/nm -B) interface
configure:7003: gcc -c   conftest.c >&5
configure:7006: /usr/bin/nm -B "conftest.o"
configure:7009: output
0000000000000000 B some_variable
configure:7016: result: BSD nm
configure:7020: checking the maximum length of command line arguments
configure:7150: result: 98304
configure:7167: checking whether the shell understands some XSI constructs
configure:7177: result: yes
configure:7181: checking whether the shell understands "+="
configure:7187: result: yes
configure:7222: checking how to convert x86_64-unknown-linux-gnu file names to x86_64-unknown-linux-gnu format
configure:7262: result: func_convert_file_noop
configure:7269: checking how to convert x86_64-unknown-linux-gnu file names to toolchain format
configure:7289: result: func_convert_file_noop
configure:7296: checking for /usr/bin/ld option to reload object files
configure:7303: result: -r
configure:7377: checking for objdump
configure:7393: found /usr/bin/objdump
configure:7404: result: objdump
configure:7436: checking how to recognize dependent libraries
configure:7638: result: pass_all
configure:7723: checking for dlltool
configure:7753: result: no
configure:7783: checking how to associate runtime and link libraries
configure:7810: result: printf %s\n
configure:7934: checking for archiver @FILE support
configure:7959: gcc -c   conftest.c >&5
configure:7959: $? = 0
configure:7962: ar cru libconftest.a @conftest.lst >&5
configure:7965: $? = 0
configure:7970: ar cru libconftest.a @conftest.lst >&5
ar: conftest.o: No such file or directory
configure:7973: $? = 1
configure:7985: result: @
configure:8043: checking for strip
configure:8059: found /usr/bin/strip
configure:8070: result: strip
configure:8142: checking for ranlib
configure:8158: found /usr/bin/ranlib
configure:8169: result: ranlib
configure:8271: checking command to parse /usr/bin/nm -B output from gcc object
configure:8391: gcc -c   conftest.c >&5
configure:8394: $? = 0
configure:8398: /usr/bin/nm -B conftest.o \| sed -n -e 's/^.*[ ]\([ABCDGIRSTW][ABCDGIRSTW]*\)[ ][ ]*\([_A-Za-z][_A-Za-z0-9]*\)$/\1 \2 \2/p' | sed '/ __gnu_lto/d' \> conftest.nm
configure:8401: $? = 0
configure:8467: gcc -o conftest    conftest.c conftstm.o >&5
configure:8470: $? = 0
configure:8508: result: ok
configure:8545: checking for sysroot
configure:8575: result: no
configure:8652: gcc -c   conftest.c >&5
configure:8655: $? = 0
configure:8839: checking for mt
configure:8869: result: no
configure:8889: checking if : is a manifest tool
configure:8895: : '-?'
configure:8903: result: no
configure:9549: checking for ANSI C header files
configure:9577: gcc -c   conftest.c >&5
configure:9577: $? = 0
configure:9650: gcc -o conftest    conftest.c  >&5
configure:9650: $? = 0
configure:9650: ./conftest
configure:9650: $? = 0
configure:9661: result: yes
configure:9674: checking for sys/types.h
configure:9674: gcc -c   conftest.c >&5
configure:9674: $? = 0
configure:9674: result: yes
configure:9674: checking for sys/stat.h
configure:9674: gcc -c   conftest.c >&5
configure:9674: $? = 0
configure:9674: result: yes
configure:9674: checking for stdlib.h
configure:9674: gcc -c   conftest.c >&5
configure:9674: $? = 0
configure:9674: result: yes
configure:9674: checking for string.h
configure:9674: gcc -c   conftest.c >&5
configure:9674: $? = 0
configure:9674: result: yes
configure:9674: checking for memory.h
configure:9674: gcc -c   conftest.c >&5
configure:9674: $? = 0
configure:9674: result: yes
configure:9674: checking for strings.h
configure:9674: gcc -c   conftest.c >&5
configure:9674: $? = 0
configure:9674: result: yes
configure:9674: checking for inttypes.h
configure:9674: gcc -c   conftest.c >&5
configure:9674: $? = 0
configure:9674: result: yes
configure:9674: checking for stdint.h
configure:9674: gcc -c   conftest.c >&5
configure:9674: $? = 0
configure:9674: result: yes
configure:9674: checking for unistd.h
configure:9674: gcc -c   conftest.c >&5
configure:9674: $? = 0
configure:9674: result: yes
configure:9688: checking for dlfcn.h
configure:9688: gcc -c   conftest.c >&5
configure:9688: $? = 0
configure:9688: result: yes
configure:9903: checking for objdir
configure:9918: result: .libs
configure:10185: checking if gcc supports -fno-rtti -fno-exceptions
configure:10203: gcc -c   -fno-rtti -fno-exceptions conftest.c >&5
cc1: warning: command line option "-fno-rtti" is valid for C++/ObjC++ but not for C
configure:10207: $? = 0
configure:10220: result: no
configure:10547: checking for gcc option to produce PIC
configure:10554: result: -fPIC -DPIC
configure:10562: checking if gcc PIC flag -fPIC -DPIC works
configure:10580: gcc -c   -fPIC -DPIC -DPIC conftest.c >&5
configure:10584: $? = 0
configure:10597: result: yes
configure:10626: checking if gcc static flag -static works
configure:10654: result: yes
configure:10669: checking if gcc supports -c -o file.o
configure:10690: gcc -c   -o out/conftest2.o conftest.c >&5
configure:10694: $? = 0
configure:10716: result: yes
configure:10724: checking if gcc supports -c -o file.o
configure:10771: result: yes
configure:10804: checking whether the gcc linker (/usr/bin/ld -m elf_x86_64) supports shared libraries
configure:11973: result: yes
configure:12213: checking dynamic linker characteristics
configure:12732: gcc -o conftest    -Wl,-rpath -Wl,/foo conftest.c  >&5
configure:12732: $? = 0
configure:12954: result: GNU/Linux ld.so
configure:13061: checking how to hardcode library paths into programs
configure:13086: result: immediate
configure:13188: checking for shl_load
configure:13188: gcc -o conftest    conftest.c  >&5
/tmp/ccWmwd3B.o: In function `main':
conftest.c:(.text+0xa): undefined reference to `shl_load'
collect2: ld returned 1 exit status
configure:13188: $? = 1
configure: failed program was:
| /* confdefs.h */
| #define PACKAGE_NAME "HDF"
| #define PACKAGE_TARNAME "hdf"
| #define PACKAGE_VERSION "4.2.10"
| #define PACKAGE_STRING "HDF 4.2.10"
| #define PACKAGE_BUGREPORT "help@hdfgroup.org"
| #define PACKAGE_URL ""
| #define PACKAGE "hdf"
| #define VERSION "4.2.10"
| #define STDC_HEADERS 1
| #define HAVE_SYS_TYPES_H 1
| #define HAVE_SYS_STAT_H 1
| #define HAVE_STDLIB_H 1
| #define HAVE_STRING_H 1
| #define HAVE_MEMORY_H 1
| #define HAVE_STRINGS_H 1
| #define HAVE_INTTYPES_H 1
| #define HAVE_STDINT_H 1
| #define HAVE_UNISTD_H 1
| #define HAVE_DLFCN_H 1
| #define LT_OBJDIR ".libs/"
| /* end confdefs.h.  */
| /* Define shl_load to an innocuous variant, in case <limits.h> declares shl_load.
|    For example, HP-UX 11i <limits.h> declares gettimeofday.  */
| #define shl_load innocuous_shl_load
| 
| /* System header to define __stub macros and hopefully few prototypes,
|     which can conflict with char shl_load (); below.
|     Prefer <limits.h> to <assert.h> if __STDC__ is defined, since
|     <limits.h> exists even on freestanding compilers.  */
| 
| #ifdef __STDC__
| # include <limits.h>
| #else
| # include <assert.h>
| #endif
| 
| #undef shl_load
| 
| /* Override any GCC internal prototype to avoid an error.
|    Use char because int might match the return type of a GCC
|    builtin and then its argument prototype would still apply.  */
| #ifdef __cplusplus
| extern "C"
| #endif
| char shl_load ();
| /* The GNU C library defines this for functions which it implements
|     to always fail with ENOSYS.  Some functions are actually named
|     something starting with __ and the normal name is an alias.  */
| #if defined __stub_shl_load || defined __stub___shl_load
| choke me
| #endif
| 
| #ifdef F77_DUMMY_MAIN
| 
| #  ifdef __cplusplus
|      extern "C"
| #  endif
|    int F77_DUMMY_MAIN() { return 1; }
| 
| #endif
| int
| main ()
| {
| return shl_load ();
|   ;
|   return 0;
| }
configure:13188: result: no
configure:13192: checking for shl_load in -ldld
configure:13225: gcc -o conftest    conftest.c -ldld   >&5
/usr/bin/ld: cannot find -ldld
collect2: ld returned 1 exit status
configure:13225: $? = 1
configure: failed program was:
| /* confdefs.h */
| #define PACKAGE_NAME "HDF"
| #define PACKAGE_TARNAME "hdf"
| #define PACKAGE_VERSION "4.2.10"
| #define PACKAGE_STRING "HDF 4.2.10"
| #define PACKAGE_BUGREPORT "help@hdfgroup.org"
| #define PACKAGE_URL ""
| #define PACKAGE "hdf"
| #define VERSION "4.2.10"
| #define STDC_HEADERS 1
| #define HAVE_SYS_TYPES_H 1
| #define HAVE_SYS_STAT_H 1
| #define HAVE_STDLIB_H 1
| #define HAVE_STRING_H 1
| #define HAVE_MEMORY_H 1
| #define HAVE_STRINGS_H 1
| #define HAVE_INTTYPES_H 1
| #define HAVE_STDINT_H 1
| #define HAVE_UNISTD_H 1
| #define HAVE_DLFCN_H 1
| #define LT_OBJDIR ".libs/"
| /* end confdefs.h.  */
| 
| /* Override any GCC internal prototype to avoid an error.
|    Use char because int might match the return type of a GCC
|    builtin and then its argument prototype would still apply.  */
| #ifdef __cplusplus
| extern "C"
| #endif
| char shl_load ();
| #ifdef F77_DUMMY_MAIN
| 
| #  ifdef __cplusplus
|      extern "C"
| #  endif
|    int F77_DUMMY_MAIN() { return 1; }
| 
| #endif
| int
| main ()
| {
| return shl_load ();
|   ;
|   return 0;
| }
configure:13234: result: no
configure:13239: checking for dlopen
configure:13239: gcc -o conftest    conftest.c  >&5
/tmp/ccQ16LjL.o: In function `main':
conftest.c:(.text+0xa): undefined reference to `dlopen'
collect2: ld returned 1 exit status
configure:13239: $? = 1
configure: failed program was:
| /* confdefs.h */
| #define PACKAGE_NAME "HDF"
| #define PACKAGE_TARNAME "hdf"
| #define PACKAGE_VERSION "4.2.10"
| #define PACKAGE_STRING "HDF 4.2.10"
| #define PACKAGE_BUGREPORT "help@hdfgroup.org"
| #define PACKAGE_URL ""
| #define PACKAGE "hdf"
| #define VERSION "4.2.10"
| #define STDC_HEADERS 1
| #define HAVE_SYS_TYPES_H 1
| #define HAVE_SYS_STAT_H 1
| #define HAVE_STDLIB_H 1
| #define HAVE_STRING_H 1
| #define HAVE_MEMORY_H 1
| #define HAVE_STRINGS_H 1
| #define HAVE_INTTYPES_H 1
| #define HAVE_STDINT_H 1
| #define HAVE_UNISTD_H 1
| #define HAVE_DLFCN_H 1
| #define LT_OBJDIR ".libs/"
| /* end confdefs.h.  */
| /* Define dlopen to an innocuous variant, in case <limits.h> declares dlopen.
|    For example, HP-UX 11i <limits.h> declares gettimeofday.  */
| #define dlopen innocuous_dlopen
| 
| /* System header to define __stub macros and hopefully few prototypes,
|     which can conflict with char dlopen (); below.
|     Prefer <limits.h> to <assert.h> if __STDC__ is defined, since
|     <limits.h> exists even on freestanding compilers.  */
| 
| #ifdef __STDC__
| # include <limits.h>
| #else
| # include <assert.h>
| #endif
| 
| #undef dlopen
| 
| /* Override any GCC internal prototype to avoid an error.
|    Use char because int might match the return type of a GCC
|    builtin and then its argument prototype would still apply.  */
| #ifdef __cplusplus
| extern "C"
| #endif
| char dlopen ();
| /* The GNU C library defines this for functions which it implements
|     to always fail with ENOSYS.  Some functions are actually named
|     something starting with __ and the normal name is an alias.  */
| #if defined __stub_dlopen || defined __stub___dlopen
| choke me
| #endif
| 
| #ifdef F77_DUMMY_MAIN
| 
| #  ifdef __cplusplus
|      extern "C"
| #  endif
|    int F77_DUMMY_MAIN() { return 1; }
| 
| #endif
| int
| main ()
| {
| return dlopen ();
|   ;
|   return 0;
| }
configure:13239: result: no
configure:13243: checking for dlopen in -ldl
configure:13276: gcc -o conftest    conftest.c -ldl   >&5
configure:13276: $? = 0
configure:13285: result: yes
configure:13420: checking whether a program can dlopen itself
configure:13500: gcc -o conftest   -DHAVE_DLFCN_H  -Wl,--export-dynamic conftest.c -ldl  >&5
configure:13503: $? = 0
configure:13521: result: yes
configure:13526: checking whether a statically linked program can dlopen itself
configure:13606: gcc -o conftest   -DHAVE_DLFCN_H  -Wl,--export-dynamic -static conftest.c -ldl  >&5
/tmp/ccCAGPX1.o: In function `main':
conftest.c:(.text+0x1e): warning: Using 'dlopen' in statically linked applications requires at runtime the shared libraries from the glibc version used for linking
configure:13609: $? = 0
/nas01/depts/ie/cempd/apps/sallocator/sa_052014/src/libs/geos-3.3.8/local/lib/: cannot read file data: Is a directory
configure:13627: result: no
configure:13666: checking whether stripping libraries is possible
configure:13671: result: yes
configure:13706: checking if libtool supports shared libraries
configure:13708: result: yes
configure:13711: checking whether to build shared libraries
configure:13732: result: no
configure:13735: checking whether to build static libraries
configure:13739: result: yes
configure:13762: checking how to run the C++ preprocessor
configure:13789: g++ -E  conftest.cpp
configure:13789: $? = 0
configure:13803: g++ -E  conftest.cpp
conftest.cpp:23:28: error: ac_nonexistent.h: No such file or directory
configure:13803: $? = 1
configure: failed program was:
| /* confdefs.h */
| #define PACKAGE_NAME "HDF"
| #define PACKAGE_TARNAME "hdf"
| #define PACKAGE_VERSION "4.2.10"
| #define PACKAGE_STRING "HDF 4.2.10"
| #define PACKAGE_BUGREPORT "help@hdfgroup.org"
| #define PACKAGE_URL ""
| #define PACKAGE "hdf"
| #define VERSION "4.2.10"
| #define STDC_HEADERS 1
| #define HAVE_SYS_TYPES_H 1
| #define HAVE_SYS_STAT_H 1
| #define HAVE_STDLIB_H 1
| #define HAVE_STRING_H 1
| #define HAVE_MEMORY_H 1
| #define HAVE_STRINGS_H 1
| #define HAVE_INTTYPES_H 1
| #define HAVE_STDINT_H 1
| #define HAVE_UNISTD_H 1
| #define HAVE_DLFCN_H 1
| #define LT_OBJDIR ".libs/"
| /* end confdefs.h.  */
| #include <ac_nonexistent.h>
configure:13828: result: g++ -E
configure:13848: g++ -E  conftest.cpp
configure:13848: $? = 0
configure:13862: g++ -E  conftest.cpp
conftest.cpp:23:28: error: ac_nonexistent.h: No such file or directory
configure:13862: $? = 1
configure: failed program was:
| /* confdefs.h */
| #define PACKAGE_NAME "HDF"
| #define PACKAGE_TARNAME "hdf"
| #define PACKAGE_VERSION "4.2.10"
| #define PACKAGE_STRING "HDF 4.2.10"
| #define PACKAGE_BUGREPORT "help@hdfgroup.org"
| #define PACKAGE_URL ""
| #define PACKAGE "hdf"
| #define VERSION "4.2.10"
| #define STDC_HEADERS 1
| #define HAVE_SYS_TYPES_H 1
| #define HAVE_SYS_STAT_H 1
| #define HAVE_STDLIB_H 1
| #define HAVE_STRING_H 1
| #define HAVE_MEMORY_H 1
| #define HAVE_STRINGS_H 1
| #define HAVE_INTTYPES_H 1
| #define HAVE_STDINT_H 1
| #define HAVE_UNISTD_H 1
| #define HAVE_DLFCN_H 1
| #define LT_OBJDIR ".libs/"
| /* end confdefs.h.  */
| #include <ac_nonexistent.h>
configure:14031: checking for ld used by g++
configure:14098: result: /usr/bin/ld -m elf_x86_64
configure:14105: checking if the linker (/usr/bin/ld -m elf_x86_64) is GNU ld
configure:14120: result: yes
configure:14175: checking whether the g++ linker (/usr/bin/ld -m elf_x86_64) supports shared libraries
configure:15196: result: yes
configure:15232: g++ -c -g -O2  conftest.cpp >&5
configure:15235: $? = 0
configure:15755: checking for g++ option to produce PIC
configure:15762: result: -fPIC -DPIC
configure:15770: checking if g++ PIC flag -fPIC -DPIC works
configure:15788: g++ -c -g -O2  -fPIC -DPIC -DPIC conftest.cpp >&5
configure:15792: $? = 0
configure:15805: result: yes
configure:15828: checking if g++ static flag -static works
configure:15856: result: yes
configure:15868: checking if g++ supports -c -o file.o
configure:15889: g++ -c -g -O2  -o out/conftest2.o conftest.cpp >&5
configure:15893: $? = 0
configure:15915: result: yes
configure:15920: checking if g++ supports -c -o file.o
configure:15967: result: yes
configure:15997: checking whether the g++ linker (/usr/bin/ld -m elf_x86_64) supports shared libraries
configure:16033: result: yes
configure:16174: checking dynamic linker characteristics
configure:16849: result: GNU/Linux ld.so
configure:16902: checking how to hardcode library paths into programs
configure:16927: result: immediate
configure:19706: creating ./config.lt

## ------------------ ##
## Running config.lt. ##
## ------------------ ##
config.lt:731: creating libtool
configure:21583: checking if we should install only statically linked executables
configure:21640: checking zlib.h usability
configure:21640: gcc -c   conftest.c >&5
configure:21640: $? = 0
configure:21640: result: yes
configure:21640: checking zlib.h presence
configure:21640: gcc -E  conftest.c
configure:21640: $? = 0
configure:21640: result: yes
configure:21640: checking for zlib.h
configure:21640: result: yes
configure:21653: checking for compress2 in -lz
configure:21686: gcc -o conftest    conftest.c -lz   >&5
configure:21686: $? = 0
configure:21695: result: yes
configure:21714: checking for compress2
configure:21714: gcc -o conftest    conftest.c -lz  >&5
configure:21714: $? = 0
configure:21714: result: yes
configure:21858: checking jpeglib.h usability
configure:21858: gcc -c   conftest.c >&5
configure:21858: $? = 0
configure:21858: result: yes
configure:21858: checking jpeglib.h presence
configure:21858: gcc -E  conftest.c
configure:21858: $? = 0
configure:21858: result: yes
configure:21858: checking for jpeglib.h
configure:21858: result: yes
configure:21871: checking for jpeg_start_decompress in -ljpeg
configure:21904: gcc -o conftest    conftest.c -ljpeg  -lz  >&5
configure:21904: $? = 0
configure:21913: result: yes
configure:22140: checking for szlib
configure:22142: result: suppressed
configure:22353: checking for xdr library support
configure:22397: gcc -o conftest    conftest.c -ljpeg -lz  >&5
configure:22397: $? = 0
configure:22398: result: yes
configure:22507: checking for ANSI C header files
configure:22619: result: yes
configure:22641: checking whether gcc and cc understand -c and -o together
configure:22680: gcc -c conftest.c -o conftest2.o >&5
configure:22684: $? = 0
configure:22690: gcc -c conftest.c -o conftest2.o >&5
configure:22694: $? = 0
configure:22705: cc -c conftest.c >&5
configure:22709: $? = 0
configure:22717: cc -c conftest.c -o conftest2.o >&5
configure:22721: $? = 0
configure:22727: cc -c conftest.c -o conftest2.o >&5
configure:22731: $? = 0
configure:22749: result: yes
configure:22764: checking how to run the C++ preprocessor
configure:22830: result: g++ -E
configure:22850: g++ -E  conftest.cpp
configure:22850: $? = 0
configure:22864: g++ -E  conftest.cpp
conftest.cpp:28:28: error: ac_nonexistent.h: No such file or directory
configure:22864: $? = 1
configure: failed program was:
| /* confdefs.h */
| #define PACKAGE_NAME "HDF"
| #define PACKAGE_TARNAME "hdf"
| #define PACKAGE_VERSION "4.2.10"
| #define PACKAGE_STRING "HDF 4.2.10"
| #define PACKAGE_BUGREPORT "help@hdfgroup.org"
| #define PACKAGE_URL ""
| #define PACKAGE "hdf"
| #define VERSION "4.2.10"
| #define STDC_HEADERS 1
| #define HAVE_SYS_TYPES_H 1
| #define HAVE_SYS_STAT_H 1
| #define HAVE_STDLIB_H 1
| #define HAVE_STRING_H 1
| #define HAVE_MEMORY_H 1
| #define HAVE_STRINGS_H 1
| #define HAVE_INTTYPES_H 1
| #define HAVE_STDINT_H 1
| #define HAVE_UNISTD_H 1
| #define HAVE_DLFCN_H 1
| #define LT_OBJDIR ".libs/"
| #define HAVE_ZLIB_H 1
| #define HAVE_LIBZ 1
| #define HAVE_JPEGLIB_H 1
| #define HAVE_LIBJPEG 1
| #define STDC_HEADERS 1
| /* end confdefs.h.  */
| #include <ac_nonexistent.h>
configure:22963: checking size of int*
configure:22968: gcc -o conftest    conftest.c -ljpeg -lz  >&5
configure:22968: $? = 0
configure:22968: ./conftest
configure:22968: $? = 0
configure:22982: result: 8
configure:23024: checking whether byte ordering is bigendian
configure:23039: gcc -c   -DBIG_LONGS conftest.c >&5
conftest.c:30: error: expected '=', ',', ';', 'asm' or '__attribute__' before 'a'
configure:23039: $? = 1
configure: failed program was:
| /* confdefs.h */
| #define PACKAGE_NAME "HDF"
| #define PACKAGE_TARNAME "hdf"
| #define PACKAGE_VERSION "4.2.10"
| #define PACKAGE_STRING "HDF 4.2.10"
| #define PACKAGE_BUGREPORT "help@hdfgroup.org"
| #define PACKAGE_URL ""
| #define PACKAGE "hdf"
| #define VERSION "4.2.10"
| #define STDC_HEADERS 1
| #define HAVE_SYS_TYPES_H 1
| #define HAVE_SYS_STAT_H 1
| #define HAVE_STDLIB_H 1
| #define HAVE_STRING_H 1
| #define HAVE_MEMORY_H 1
| #define HAVE_STRINGS_H 1
| #define HAVE_INTTYPES_H 1
| #define HAVE_STDINT_H 1
| #define HAVE_UNISTD_H 1
| #define HAVE_DLFCN_H 1
| #define LT_OBJDIR ".libs/"
| #define HAVE_ZLIB_H 1
| #define HAVE_LIBZ 1
| #define HAVE_JPEGLIB_H 1
| #define HAVE_LIBJPEG 1
| #define STDC_HEADERS 1
| #define SIZEOF_INTP 8
| /* end confdefs.h.  */
| #ifndef __APPLE_CC__
| 	       not a universal capable compiler
| 	     #endif
| 	     typedef int dummy;
| 
configure:23092: gcc -c   -DBIG_LONGS conftest.c >&5
configure:23092: $? = 0
configure:23118: gcc -c   -DBIG_LONGS conftest.c >&5
conftest.c: In function 'main':
conftest.c:44: error: 'not' undeclared (first use in this function)
conftest.c:44: error: (Each undeclared identifier is reported only once
conftest.c:44: error: for each function it appears in.)
conftest.c:44: error: expected ';' before 'big'
configure:23118: $? = 1
configure: failed program was:
| /* confdefs.h */
| #define PACKAGE_NAME "HDF"
| #define PACKAGE_TARNAME "hdf"
| #define PACKAGE_VERSION "4.2.10"
| #define PACKAGE_STRING "HDF 4.2.10"
| #define PACKAGE_BUGREPORT "help@hdfgroup.org"
| #define PACKAGE_URL ""
| #define PACKAGE "hdf"
| #define VERSION "4.2.10"
| #define STDC_HEADERS 1
| #define HAVE_SYS_TYPES_H 1
| #define HAVE_SYS_STAT_H 1
| #define HAVE_STDLIB_H 1
| #define HAVE_STRING_H 1
| #define HAVE_MEMORY_H 1
| #define HAVE_STRINGS_H 1
| #define HAVE_INTTYPES_H 1
| #define HAVE_STDINT_H 1
| #define HAVE_UNISTD_H 1
| #define HAVE_DLFCN_H 1
| #define LT_OBJDIR ".libs/"
| #define HAVE_ZLIB_H 1
| #define HAVE_LIBZ 1
| #define HAVE_JPEGLIB_H 1
| #define HAVE_LIBJPEG 1
| #define STDC_HEADERS 1
| #define SIZEOF_INTP 8
| /* end confdefs.h.  */
| #include <sys/types.h>
| 		#include <sys/param.h>
| 
| #ifdef F77_DUMMY_MAIN
| 
| #  ifdef __cplusplus
|      extern "C"
| #  endif
|    int F77_DUMMY_MAIN() { return 1; }
| 
| #endif
| int
| main ()
| {
| #if BYTE_ORDER != BIG_ENDIAN
| 		 not big endian
| 		#endif
| 
|   ;
|   return 0;
| }
configure:23278: result: no
configure:23299: checking for build mode
configure:23309: result: production
configure:23367: checking for math library support
configure:23388: gcc -o conftest  -O3 -fomit-frame-pointer  -DBIG_LONGS -DSWAP   conftest.c -ljpeg -lz  >&5
/tmp/ccsMYMOh.o: In function `main':
conftest.c:(.text+0xd): undefined reference to `sinh'
collect2: ld returned 1 exit status
configure:23388: $? = 1
configure: failed program was:
| /* confdefs.h */
| #define PACKAGE_NAME "HDF"
| #define PACKAGE_TARNAME "hdf"
| #define PACKAGE_VERSION "4.2.10"
| #define PACKAGE_STRING "HDF 4.2.10"
| #define PACKAGE_BUGREPORT "help@hdfgroup.org"
| #define PACKAGE_URL ""
| #define PACKAGE "hdf"
| #define VERSION "4.2.10"
| #define STDC_HEADERS 1
| #define HAVE_SYS_TYPES_H 1
| #define HAVE_SYS_STAT_H 1
| #define HAVE_STDLIB_H 1
| #define HAVE_STRING_H 1
| #define HAVE_MEMORY_H 1
| #define HAVE_STRINGS_H 1
| #define HAVE_INTTYPES_H 1
| #define HAVE_STDINT_H 1
| #define HAVE_UNISTD_H 1
| #define HAVE_DLFCN_H 1
| #define LT_OBJDIR ".libs/"
| #define HAVE_ZLIB_H 1
| #define HAVE_LIBZ 1
| #define HAVE_JPEGLIB_H 1
| #define HAVE_LIBJPEG 1
| #define STDC_HEADERS 1
| #define SIZEOF_INTP 8
| /* end confdefs.h.  */
| #include <math.h>
| #ifdef F77_DUMMY_MAIN
| 
| #  ifdef __cplusplus
|      extern "C"
| #  endif
|    int F77_DUMMY_MAIN() { return 1; }
| 
| #endif
| int
| main ()
| {
| sinh(37.927)
|   ;
|   return 0;
| }
configure:23392: result: no
configure:23401: checking for fork
configure:23401: gcc -o conftest  -O3 -fomit-frame-pointer  -DBIG_LONGS -DSWAP   conftest.c -ljpeg -lz  -lm >&5
conftest.c:52: warning: conflicting types for built-in function 'fork'
configure:23401: $? = 0
configure:23401: result: yes
configure:23401: checking for system
configure:23401: gcc -o conftest  -O3 -fomit-frame-pointer  -DBIG_LONGS -DSWAP   conftest.c -ljpeg -lz  -lm >&5
configure:23401: $? = 0
configure:23401: result: yes
configure:23401: checking for vfork
configure:23401: gcc -o conftest  -O3 -fomit-frame-pointer  -DBIG_LONGS -DSWAP   conftest.c -ljpeg -lz  -lm >&5
configure:23401: $? = 0
configure:23401: result: yes
configure:23401: checking for wait
configure:23401: gcc -o conftest  -O3 -fomit-frame-pointer  -DBIG_LONGS -DSWAP   conftest.c -ljpeg -lz  -lm >&5
configure:23401: $? = 0
configure:23401: result: yes
configure:23573: checking if deprecated public symbols are available
configure:23585: result: yes
configure:23711: checking that generated files are newer than configure
configure:23717: result: done
configure:23769: creating ./config.status

## ---------------------- ##
## Running config.status. ##
## ---------------------- ##

This file was extended by HDF config.status 4.2.10, which was
generated by GNU Autoconf 2.69.  Invocation command line was

  CONFIG_FILES    = 
  CONFIG_HEADERS  = 
  CONFIG_LINKS    = 
  CONFIG_COMMANDS = 
  $ ./config.status 

on killdevil-login1.kd.unc.edu

config.status:1284: creating Makefile
config.status:1284: creating libhdf4.settings
config.status:1284: creating hdf/Makefile
config.status:1284: creating hdf/examples/Makefile
config.status:1284: creating hdf/fortran/Makefile
config.status:1284: creating hdf/fortran/examples/Makefile
config.status:1284: creating hdf/src/Makefile
config.status:1284: creating hdf/test/Makefile
config.status:1284: creating hdf/util/Makefile
config.status:1284: creating hdf/util/h4cc
config.status:1284: creating hdf/util/h4fc
config.status:1284: creating hdf/util/h4redeploy
config.status:1284: creating hdf/util/testutil.sh
config.status:1284: creating man/Makefile
config.status:1284: creating mfhdf/fortran/ftest.f
config.status:1284: creating mfhdf/fortran/jackets.c
config.status:1284: creating mfhdf/fortran/netcdf.inc
config.status:1284: creating mfhdf/libsrc/netcdf.h
config.status:1284: creating mfhdf/Makefile
config.status:1284: creating mfhdf/dumper/Makefile
config.status:1284: creating mfhdf/dumper/testhdp.sh
config.status:1284: creating mfhdf/examples/Makefile
config.status:1284: creating mfhdf/examples/testexamples.sh
config.status:1284: creating mfhdf/fortran/Makefile
config.status:1284: creating mfhdf/fortran/examples/Makefile
config.status:1284: creating mfhdf/fortran/testfortran.sh
config.status:1284: creating mfhdf/hdfimport/Makefile
config.status:1284: creating mfhdf/hdfimport/testutil.sh
config.status:1284: creating mfhdf/hdiff/Makefile
config.status:1284: creating mfhdf/hdiff/testhdiff.sh
config.status:1284: creating mfhdf/hrepack/Makefile
config.status:1284: creating mfhdf/hrepack/hrepack_all.sh
config.status:1284: creating mfhdf/libsrc/Makefile
config.status:1284: creating mfhdf/ncdump/Makefile
config.status:1284: creating mfhdf/ncdump/testncdump.sh
config.status:1284: creating mfhdf/ncgen/Makefile
config.status:1284: creating mfhdf/ncgen/testncgen.sh
config.status:1284: creating mfhdf/nctest/Makefile
config.status:1284: creating mfhdf/test/Makefile
config.status:1284: creating mfhdf/test/testmfhdf.sh
config.status:1284: creating mfhdf/xdr/Makefile
config.status:1284: creating hdf/src/h4config.h
config.status:1513: executing h4config commands
config.status:1513: executing depfiles commands
config.status:1513: executing libtool commands

## ---------------- ##
## Cache variables. ##
## ---------------- ##

ac_cv_build=x86_64-unknown-linux-gnu
ac_cv_c_bigendian=no
ac_cv_c_compiler_gnu=yes
ac_cv_cxx_compiler_gnu=yes
ac_cv_env_CCC_set=
ac_cv_env_CCC_value=
ac_cv_env_CC_set=
ac_cv_env_CC_value=
ac_cv_env_CFLAGS_set=
ac_cv_env_CFLAGS_value=
ac_cv_env_CPPFLAGS_set=
ac_cv_env_CPPFLAGS_value=
ac_cv_env_CPP_set=
ac_cv_env_CPP_value=
ac_cv_env_CXXCPP_set=
ac_cv_env_CXXCPP_value=
ac_cv_env_CXXFLAGS_set=
ac_cv_env_CXXFLAGS_value=
ac_cv_env_CXX_set=
ac_cv_env_CXX_value=
ac_cv_env_F77_set=
ac_cv_env_F77_value=
ac_cv_env_FFLAGS_set=
ac_cv_env_FFLAGS_value=
ac_cv_env_LDFLAGS_set=
ac_cv_env_LDFLAGS_value=
ac_cv_env_LIBS_set=
ac_cv_env_LIBS_value=
ac_cv_env_build_alias_set=
ac_cv_env_build_alias_value=
ac_cv_env_host_alias_set=
ac_cv_env_host_alias_value=
ac_cv_env_target_alias_set=
ac_cv_env_target_alias_value=
ac_cv_func_compress2=yes
ac_cv_func_dlopen=no
ac_cv_func_fork=yes
ac_cv_func_shl_load=no
ac_cv_func_system=yes
ac_cv_func_vfork=yes
ac_cv_func_wait=yes
ac_cv_header_dlfcn_h=yes
ac_cv_header_inttypes_h=yes
ac_cv_header_jpeglib_h=yes
ac_cv_header_memory_h=yes
ac_cv_header_stdc=yes
ac_cv_header_stdint_h=yes
ac_cv_header_stdlib_h=yes
ac_cv_header_string_h=yes
ac_cv_header_strings_h=yes
ac_cv_header_sys_stat_h=yes
ac_cv_header_sys_types_h=yes
ac_cv_header_unistd_h=yes
ac_cv_header_zlib_h=yes
ac_cv_host=x86_64-unknown-linux-gnu
ac_cv_lib_dl_dlopen=yes
ac_cv_lib_dld_shl_load=no
ac_cv_lib_jpeg_jpeg_start_decompress=yes
ac_cv_lib_z_compress2=yes
ac_cv_objext=o
ac_cv_path_EGREP='/bin/grep -E'
ac_cv_path_FGREP='/bin/grep -F'
ac_cv_path_GREP=/bin/grep
ac_cv_path_SED=/bin/sed
ac_cv_path_install='/usr/bin/install -c'
ac_cv_path_mkdir=/bin/mkdir
ac_cv_prog_AR=ar
ac_cv_prog_AWK=gawk
ac_cv_prog_CPP='gcc -E'
ac_cv_prog_CXXCPP='g++ -E'
ac_cv_prog_DIFF='diff -w'
ac_cv_prog_LEX=flex
ac_cv_prog_MAKEINFO='${SHELL} /nas01/depts/ie/cempd/apps/sallocator/sa_052014/src/libs/hdf-4.2.10/bin/missing --run makeinfo'
ac_cv_prog_NEQN=neqn
ac_cv_prog_TBL=tbl
ac_cv_prog_YACC='bison -y'
ac_cv_prog_ac_ct_CC=gcc
ac_cv_prog_ac_ct_CXX=g++
ac_cv_prog_ac_ct_OBJDUMP=objdump
ac_cv_prog_ac_ct_RANLIB=ranlib
ac_cv_prog_ac_ct_STRIP=strip
ac_cv_prog_cc_c89=
ac_cv_prog_cc_g=yes
ac_cv_prog_cc_gcc_c_o=yes
ac_cv_prog_cxx_g=yes
ac_cv_prog_make_make_set=yes
ac_cv_sizeof_intp=8
am_cv_CC_dependencies_compiler_type=gcc3
am_cv_CXX_dependencies_compiler_type=gcc3
lt_cv_ar_at_file=@
lt_cv_deplibs_check_method=pass_all
lt_cv_dlopen=dlopen
lt_cv_dlopen_libs=-ldl
lt_cv_dlopen_self=yes
lt_cv_dlopen_self_static=no
lt_cv_file_magic_cmd='$MAGIC_CMD'
lt_cv_file_magic_test_file=
lt_cv_ld_reload_flag=-r
lt_cv_nm_interface='BSD nm'
lt_cv_objdir=.libs
lt_cv_path_LD=/usr/bin/ld
lt_cv_path_LDCXX='/usr/bin/ld -m elf_x86_64'
lt_cv_path_NM='/usr/bin/nm -B'
lt_cv_path_mainfest_tool=no
lt_cv_prog_compiler_c_o=yes
lt_cv_prog_compiler_c_o_CXX=yes
lt_cv_prog_compiler_pic='-fPIC -DPIC'
lt_cv_prog_compiler_pic_CXX='-fPIC -DPIC'
lt_cv_prog_compiler_pic_works=yes
lt_cv_prog_compiler_pic_works_CXX=yes
lt_cv_prog_compiler_rtti_exceptions=no
lt_cv_prog_compiler_static_works=yes
lt_cv_prog_compiler_static_works_CXX=yes
lt_cv_prog_gnu_ld=yes
lt_cv_prog_gnu_ldcxx=yes
lt_cv_sharedlib_from_linklib_cmd='printf %s\n'
lt_cv_shlibpath_overrides_runpath=no
lt_cv_sys_global_symbol_pipe='sed -n -e '\''s/^.*[	 ]\([ABCDGIRSTW][ABCDGIRSTW]*\)[	 ][	 ]*\([_A-Za-z][_A-Za-z0-9]*\)$/\1 \2 \2/p'\'' | sed '\''/ __gnu_lto/d'\'''
lt_cv_sys_global_symbol_to_c_name_address='sed -n -e '\''s/^: \([^ ]*\)[ ]*$/  {\"\1\", (void *) 0},/p'\'' -e '\''s/^[ABCDGIRSTW]* \([^ ]*\) \([^ ]*\)$/  {"\2", (void *) \&\2},/p'\'''
lt_cv_sys_global_symbol_to_c_name_address_lib_prefix='sed -n -e '\''s/^: \([^ ]*\)[ ]*$/  {\"\1\", (void *) 0},/p'\'' -e '\''s/^[ABCDGIRSTW]* \([^ ]*\) \(lib[^ ]*\)$/  {"\2", (void *) \&\2},/p'\'' -e '\''s/^[ABCDGIRSTW]* \([^ ]*\) \([^ ]*\)$/  {"lib\2", (void *) \&\2},/p'\'''
lt_cv_sys_global_symbol_to_cdecl='sed -n -e '\''s/^T .* \(.*\)$/extern int \1();/p'\'' -e '\''s/^[ABCDGIRSTW]* .* \(.*\)$/extern char \1;/p'\'''
lt_cv_sys_max_cmd_len=98304
lt_cv_to_host_file_cmd=func_convert_file_noop
lt_cv_to_tool_file_cmd=func_convert_file_noop

## ----------------- ##
## Output variables. ##
## ----------------- ##

ACLOCAL='${SHELL} /nas01/depts/ie/cempd/apps/sallocator/sa_052014/src/libs/hdf-4.2.10/bin/missing --run aclocal-1.12'
AMDEPBACKSLASH='\'
AMDEP_FALSE='#'
AMDEP_TRUE=''
AMTAR='$${TAR-tar}'
AR='ar'
AUTOCONF='${SHELL} /nas01/depts/ie/cempd/apps/sallocator/sa_052014/src/libs/hdf-4.2.10/bin/missing --run autoconf'
AUTOHEADER='${SHELL} /nas01/depts/ie/cempd/apps/sallocator/sa_052014/src/libs/hdf-4.2.10/bin/missing --run autoheader'
AUTOMAKE='${SHELL} /nas01/depts/ie/cempd/apps/sallocator/sa_052014/src/libs/hdf-4.2.10/bin/missing --run automake-1.12'
AWK='gawk'
BUILD_FORTRAN='no'
BUILD_NETCDF='no'
BUILD_SHARED_SZIP_CONDITIONAL_FALSE=''
BUILD_SHARED_SZIP_CONDITIONAL_TRUE='#'
CC='gcc'
CCDEPMODE='depmode=gcc3'
CC_VERSION='/usr/bin/gcc ( gcc (GCC) 4.1.2 20080704 )'
CFLAGS=' -O3 -fomit-frame-pointer'
CONFIG_DATE='Mon May 19 10:31:43 EDT 2014'
CONFIG_MODE='production'
CONFIG_USER='lran@killdevil-login1.kd.unc.edu'
CPP='gcc -E'
CPPFLAGS=' -DBIG_LONGS -DSWAP '
CXX='g++'
CXXCPP='g++ -E'
CXXDEPMODE='depmode=gcc3'
CXXFLAGS=' -O2 '
CYGPATH_W='echo'
DEFS='-DHAVE_CONFIG_H'
DEPDIR='.deps'
DEPRECATED_SYMBOLS='yes'
DIFF='diff -w'
DLLTOOL='false'
DSYMUTIL=''
DUMPBIN=''
ECHO_C=''
ECHO_N='-n'
ECHO_T=''
EGREP='/bin/grep -E'
EXEEXT=''
F77='no'
F77_VERSION='no ( GNU Fortran (GCC) 4.1.2 20080704 )'
FFLAGS=' -O'
FGREP='/bin/grep -F'
FLIBS=''
GREP='/bin/grep'
H4_VERSION='4.2.10'
HDF_BUILD_FORTRAN_FALSE=''
HDF_BUILD_FORTRAN_TRUE='#'
HDF_BUILD_NETCDF_FALSE=''
HDF_BUILD_NETCDF_TRUE='#'
HDF_BUILD_SHARED_FALSE=''
HDF_BUILD_SHARED_TRUE='#'
HDF_BUILD_XDR_FALSE=''
HDF_BUILD_XDR_TRUE='#'
INSTALL_DATA='${INSTALL} -m 644'
INSTALL_PROGRAM='${INSTALL}'
INSTALL_SCRIPT='${INSTALL}'
INSTALL_STRIP_PROGRAM='$(install_sh) -c -s'
LD='/usr/bin/ld -m elf_x86_64'
LDFLAGS=''
LEX='flex'
LIBOBJS=''
LIBS='-ljpeg -lz  -lm'
LIBTOOL='$(SHELL) $(top_builddir)/libtool'
LIPO=''
LL_PATH=''
LN_S='ln -s'
LTLIBOBJS=''
LT_STATIC_EXEC=''
MAINT='#'
MAINTAINER_MODE_FALSE=''
MAINTAINER_MODE_TRUE='#'
MAKEINFO='${SHELL} /nas01/depts/ie/cempd/apps/sallocator/sa_052014/src/libs/hdf-4.2.10/bin/missing --run makeinfo'
MANIFEST_TOOL=':'
MKDIR_P='/bin/mkdir -p'
NEQN='neqn'
NM='/usr/bin/nm -B'
NMEDIT=''
OBJDUMP='objdump'
OBJEXT='o'
OTOOL64=''
OTOOL=''
PACKAGE='hdf'
PACKAGE_BUGREPORT='help@hdfgroup.org'
PACKAGE_NAME='HDF'
PACKAGE_STRING='HDF 4.2.10'
PACKAGE_TARNAME='hdf'
PACKAGE_URL=''
PACKAGE_VERSION='4.2.10'
PATH_SEPARATOR=':'
RANLIB='ranlib'
SED='/bin/sed'
SETX='set -x'
SET_MAKE=''
SHARED_EXTENSION='so'
SHELL='/bin/sh'
STATIC_EXEC='no'
STATIC_SHARED=''
STRIP='strip'
SZIP_INFO='disabled'
TBL='tbl'
TEST_FORTRAN_NETCDF='no'
UNAME_INFO='Linux killdevil-login1.kd.unc.edu 2.6.18-238.12.1.el5 #1 SMP Sat May 7 20:18:50 EDT 2011 x86_64 x86_64 x86_64 GNU/Linux'
USE_COMP_SZIP='no'
VERSION='4.2.10'
YACC='bison -y'
ac_ct_AR=''
ac_ct_CC='gcc'
ac_ct_CXX='g++'
ac_ct_DUMPBIN=''
ac_ct_F77=''
am__EXEEXT_FALSE=''
am__EXEEXT_TRUE='#'
am__fastdepCC_FALSE='#'
am__fastdepCC_TRUE=''
am__fastdepCXX_FALSE='#'
am__fastdepCXX_TRUE=''
am__include='include'
am__isrc=''
am__leading_dot='.'
am__nodep='_no'
am__quote=''
am__tar='$${TAR-tar} chof - "$$tardir"'
am__untar='$${TAR-tar} xf -'
bindir='${exec_prefix}/bin'
build='x86_64-unknown-linux-gnu'
build_alias=''
build_cpu='x86_64'
build_os='linux-gnu'
build_vendor='unknown'
datadir='${datarootdir}'
datarootdir='${prefix}/share'
docdir='${datarootdir}/doc/${PACKAGE_TARNAME}'
dvidir='${docdir}'
enable_shared='no'
enable_static='yes'
exec_prefix='${prefix}'
host='x86_64-unknown-linux-gnu'
host_alias=''
host_cpu='x86_64'
host_os='linux-gnu'
host_vendor='unknown'
htmldir='${docdir}'
includedir='${prefix}/include'
infodir='${datarootdir}/info'
install_sh='${SHELL} /nas01/depts/ie/cempd/apps/sallocator/sa_052014/src/libs/hdf-4.2.10/bin/install-sh'
libdir='${exec_prefix}/lib'
libexecdir='${exec_prefix}/libexec'
localedir='${datarootdir}/locale'
localstatedir='${prefix}/var'
mandir='${datarootdir}/man'
mkdir_p='$(MKDIR_P)'
oldincludedir='/usr/include'
pdfdir='${docdir}'
prefix='/nas01/depts/ie/cempd/apps/sallocator/sa_052014/src/libs/hdf-4.2.10/local'
program_transform_name='s,x,x,'
psdir='${docdir}'
sbindir='${exec_prefix}/sbin'
sharedstatedir='${prefix}/com'
sysconfdir='${prefix}/etc'
target_alias=''

## ----------- ##
## confdefs.h. ##
## ----------- ##

/* confdefs.h */
#define PACKAGE_NAME "HDF"
#define PACKAGE_TARNAME "hdf"
#define PACKAGE_VERSION "4.2.10"
#define PACKAGE_STRING "HDF 4.2.10"
#define PACKAGE_BUGREPORT "help@hdfgroup.org"
#define PACKAGE_URL ""
#define PACKAGE "hdf"
#define VERSION "4.2.10"
#define STDC_HEADERS 1
#define HAVE_SYS_TYPES_H 1
#define HAVE_SYS_STAT_H 1
#define HAVE_STDLIB_H 1
#define HAVE_STRING_H 1
#define HAVE_MEMORY_H 1
#define HAVE_STRINGS_H 1
#define HAVE_INTTYPES_H 1
#define HAVE_STDINT_H 1
#define HAVE_UNISTD_H 1
#define HAVE_DLFCN_H 1
#define LT_OBJDIR ".libs/"
#define HAVE_ZLIB_H 1
#define HAVE_LIBZ 1
#define HAVE_JPEGLIB_H 1
#define HAVE_LIBJPEG 1
#define STDC_HEADERS 1
#define SIZEOF_INTP 8
#define HAVE_FORK 1
#define HAVE_SYSTEM 1
#define HAVE_VFORK 1
#define HAVE_WAIT 1

configure: exit 0
